2018-06-11 16:49:13,455 : INFO : using symmetric alpha at 0.1
2018-06-11 16:49:13,456 : INFO : using symmetric eta at 0.1
2018-06-11 16:49:13,457 : INFO : using serial LDA version on this node
2018-06-11 16:49:13,464 : INFO : running online (multi-pass) LDA training, 10 topics, 50 passes over the supplied corpus of 519 documents, updating model once every 519 documents, evaluating perplexity every 519 documents, iterating 50x with a convergence threshold of 0.001000
2018-06-11 16:49:14,168 : INFO : -10.180 per-word bound, 1159.8 perplexity estimate based on a held-out corpus of 519 documents with 52420 words
2018-06-11 16:49:14,168 : INFO : PROGRESS: pass 0, at document #519/519
2018-06-11 16:49:14,547 : INFO : topic #9 (0.100): 0.010*"need" + 0.009*"year" + 0.009*"team" + 0.007*"knowledge" + 0.007*"learning" + 0.006*"machine" + 0.006*"product" + 0.006*"work" + 0.005*"skill" + 0.005*"java"
2018-06-11 16:49:14,548 : INFO : topic #8 (0.100): 0.012*"year" + 0.009*"team" + 0.008*"database" + 0.008*"need" + 0.007*"platform" + 0.007*"engineer" + 0.007*"java" + 0.006*"solution" + 0.006*"environment" + 0.006*"product"
2018-06-11 16:49:14,548 : INFO : topic #6 (0.100): 0.015*"team" + 0.012*"need" + 0.011*"project" + 0.010*"year" + 0.008*"work" + 0.008*"knowledge" + 0.007*"working" + 0.006*"application" + 0.006*"skill" + 0.006*"sql"
2018-06-11 16:49:14,548 : INFO : topic #0 (0.100): 0.012*"need" + 0.011*"team" + 0.010*"knowledge" + 0.010*"work" + 0.009*"technology" + 0.009*"product" + 0.008*"year" + 0.007*"project" + 0.006*"skill" + 0.006*"strong"
2018-06-11 16:49:14,548 : INFO : topic #1 (0.100): 0.010*"knowledge" + 0.007*"year" + 0.006*"technology" + 0.006*"need" + 0.006*"tool" + 0.006*"big" + 0.006*"team" + 0.005*"work" + 0.005*"plus" + 0.005*"skill"
2018-06-11 16:49:14,548 : INFO : topic diff=4.503426, rho=1.000000
2018-06-11 16:49:15,007 : INFO : -7.795 per-word bound, 222.1 perplexity estimate based on a held-out corpus of 519 documents with 52420 words
2018-06-11 16:49:15,007 : INFO : PROGRESS: pass 1, at document #519/519
2018-06-11 16:49:15,292 : INFO : topic #0 (0.100): 0.011*"need" + 0.010*"team" + 0.010*"knowledge" + 0.009*"work" + 0.009*"technology" + 0.009*"product" + 0.008*"project" + 0.007*"year" + 0.007*"application" + 0.006*"skill"
2018-06-11 16:49:15,292 : INFO : topic #2 (0.100): 0.010*"need" + 0.010*"work" + 0.010*"year" + 0.010*"application" + 0.009*"working" + 0.008*"team" + 0.007*"solution" + 0.007*"technology" + 0.006*"product" + 0.006*"big"
2018-06-11 16:49:15,292 : INFO : topic #4 (0.100): 0.013*"knowledge" + 0.012*"need" + 0.011*"work" + 0.010*"learning" + 0.009*"team" + 0.009*"machine" + 0.009*"year" + 0.009*"java" + 0.007*"please" + 0.006*"service"
2018-06-11 16:49:15,292 : INFO : topic #6 (0.100): 0.013*"team" + 0.012*"project" + 0.011*"year" + 0.011*"need" + 0.008*"work" + 0.008*"knowledge" + 0.007*"skill" + 0.007*"working" + 0.007*"sql" + 0.006*"support"
2018-06-11 16:49:15,292 : INFO : topic #5 (0.100): 0.010*"need" + 0.009*"year" + 0.009*"learning" + 0.007*"degree" + 0.007*"product" + 0.007*"solution" + 0.007*"team" + 0.007*"ability" + 0.007*"machine" + 0.006*"work"
2018-06-11 16:49:15,292 : INFO : topic diff=0.955742, rho=0.577350
2018-06-11 16:49:15,642 : INFO : -7.539 per-word bound, 186.0 perplexity estimate based on a held-out corpus of 519 documents with 52420 words
2018-06-11 16:49:15,642 : INFO : PROGRESS: pass 2, at document #519/519
2018-06-11 16:49:15,856 : INFO : topic #5 (0.100): 0.010*"need" + 0.009*"year" + 0.009*"learning" + 0.009*"product" + 0.008*"degree" + 0.008*"solution" + 0.008*"team" + 0.007*"machine" + 0.007*"ability" + 0.006*"work"
2018-06-11 16:49:15,856 : INFO : topic #3 (0.100): 0.014*"knowledge" + 0.013*"need" + 0.013*"work" + 0.009*"python" + 0.009*"team" + 0.009*"year" + 0.008*"strong" + 0.008*"develop" + 0.007*"quality" + 0.006*"tool"
2018-06-11 16:49:15,856 : INFO : topic #4 (0.100): 0.014*"knowledge" + 0.013*"need" + 0.012*"work" + 0.010*"learning" + 0.010*"team" + 0.009*"java" + 0.009*"year" + 0.009*"machine" + 0.007*"please" + 0.007*"service"
2018-06-11 16:49:15,856 : INFO : topic #8 (0.100): 0.011*"year" + 0.011*"team" + 0.011*"database" + 0.010*"need" + 0.009*"platform" + 0.008*"java" + 0.007*"engineer" + 0.007*"high" + 0.007*"solution" + 0.007*"strong"
2018-06-11 16:49:15,857 : INFO : topic #9 (0.100): 0.011*"need" + 0.010*"year" + 0.010*"team" + 0.008*"platform" + 0.008*"developing" + 0.008*"knowledge" + 0.007*"core" + 0.007*"hybris" + 0.006*"build" + 0.006*"end"
2018-06-11 16:49:15,857 : INFO : topic diff=0.707381, rho=0.500000
2018-06-11 16:49:16,242 : INFO : -7.427 per-word bound, 172.1 perplexity estimate based on a held-out corpus of 519 documents with 52420 words
2018-06-11 16:49:16,242 : INFO : PROGRESS: pass 3, at document #519/519
2018-06-11 16:49:16,452 : INFO : topic #6 (0.100): 0.013*"project" + 0.011*"year" + 0.011*"team" + 0.010*"need" + 0.009*"skill" + 0.008*"sql" + 0.007*"knowledge" + 0.007*"work" + 0.007*"working" + 0.006*"support"
2018-06-11 16:49:16,452 : INFO : topic #7 (0.100): 0.015*"learning" + 0.014*"machine" + 0.010*"product" + 0.010*"need" + 0.010*"team" + 0.008*"python" + 0.008*"year" + 0.007*"tool" + 0.007*"work" + 0.006*"technology"
2018-06-11 16:49:16,452 : INFO : topic #8 (0.100): 0.011*"year" + 0.011*"database" + 0.011*"team" + 0.011*"need" + 0.009*"platform" + 0.008*"java" + 0.008*"high" + 0.008*"engineer" + 0.007*"solution" + 0.007*"strong"
2018-06-11 16:49:16,452 : INFO : topic #1 (0.100): 0.012*"knowledge" + 0.009*"big" + 0.009*"technology" + 0.009*"plus" + 0.007*"understanding" + 0.007*"tool" + 0.007*"need" + 0.006*"strong" + 0.006*"etc" + 0.006*"application"
2018-06-11 16:49:16,452 : INFO : topic #3 (0.100): 0.014*"knowledge" + 0.014*"work" + 0.013*"need" + 0.009*"python" + 0.009*"team" + 0.009*"strong" + 0.009*"year" + 0.008*"develop" + 0.007*"sql" + 0.007*"quality"
2018-06-11 16:49:16,453 : INFO : topic diff=0.517070, rho=0.447214
2018-06-11 16:49:16,779 : INFO : -7.371 per-word bound, 165.6 perplexity estimate based on a held-out corpus of 519 documents with 52420 words
2018-06-11 16:49:16,779 : INFO : PROGRESS: pass 4, at document #519/519
2018-06-11 16:49:16,959 : INFO : topic #8 (0.100): 0.012*"database" + 0.012*"year" + 0.012*"team" + 0.011*"need" + 0.009*"platform" + 0.008*"high" + 0.008*"java" + 0.008*"code" + 0.008*"javascript" + 0.008*"strong"
2018-06-11 16:49:16,959 : INFO : topic #3 (0.100): 0.014*"work" + 0.014*"knowledge" + 0.013*"need" + 0.010*"python" + 0.009*"team" + 0.009*"strong" + 0.009*"year" + 0.009*"develop" + 0.007*"sql" + 0.007*"quality"
2018-06-11 16:49:16,959 : INFO : topic #4 (0.100): 0.015*"knowledge" + 0.013*"need" + 0.012*"work" + 0.010*"learning" + 0.010*"java" + 0.009*"team" + 0.009*"year" + 0.008*"machine" + 0.008*"please" + 0.007*"python"
2018-06-11 16:49:16,959 : INFO : topic #7 (0.100): 0.015*"learning" + 0.015*"machine" + 0.010*"product" + 0.010*"need" + 0.010*"team" + 0.008*"python" + 0.008*"year" + 0.007*"tool" + 0.007*"work" + 0.006*"technology"
2018-06-11 16:49:16,959 : INFO : topic #2 (0.100): 0.013*"application" + 0.010*"need" + 0.009*"year" + 0.009*"work" + 0.009*"working" + 0.008*"team" + 0.008*"solution" + 0.007*"technology" + 0.006*"sql" + 0.006*"knowledge"
2018-06-11 16:49:16,960 : INFO : topic diff=0.379718, rho=0.408248
2018-06-11 16:49:17,300 : INFO : -7.340 per-word bound, 162.0 perplexity estimate based on a held-out corpus of 519 documents with 52420 words
2018-06-11 16:49:17,300 : INFO : PROGRESS: pass 5, at document #519/519
2018-06-11 16:49:17,504 : INFO : topic #3 (0.100): 0.014*"work" + 0.013*"knowledge" + 0.013*"need" + 0.010*"python" + 0.009*"team" + 0.009*"strong" + 0.009*"year" + 0.009*"develop" + 0.007*"sql" + 0.007*"engineer"
2018-06-11 16:49:17,504 : INFO : topic #8 (0.100): 0.012*"database" + 0.012*"year" + 0.012*"team" + 0.011*"need" + 0.009*"platform" + 0.008*"high" + 0.008*"java" + 0.008*"code" + 0.008*"javascript" + 0.008*"application"
2018-06-11 16:49:17,504 : INFO : topic #2 (0.100): 0.013*"application" + 0.010*"need" + 0.009*"year" + 0.009*"working" + 0.009*"work" + 0.008*"team" + 0.008*"solution" + 0.007*"technology" + 0.006*"sql" + 0.006*"knowledge"
2018-06-11 16:49:17,504 : INFO : topic #6 (0.100): 0.014*"project" + 0.011*"year" + 0.010*"team" + 0.009*"need" + 0.009*"skill" + 0.007*"sql" + 0.007*"knowledge" + 0.007*"network" + 0.007*"support" + 0.006*"work"
2018-06-11 16:49:17,504 : INFO : topic #5 (0.100): 0.011*"product" + 0.010*"need" + 0.010*"learning" + 0.010*"year" + 0.008*"degree" + 0.008*"team" + 0.008*"solution" + 0.008*"machine" + 0.007*"ability" + 0.007*"work"
2018-06-11 16:49:17,505 : INFO : topic diff=0.280316, rho=0.377964
2018-06-11 16:49:17,883 : INFO : -7.320 per-word bound, 159.8 perplexity estimate based on a held-out corpus of 519 documents with 52420 words
2018-06-11 16:49:17,883 : INFO : PROGRESS: pass 6, at document #519/519
2018-06-11 16:49:18,077 : INFO : topic #9 (0.100): 0.012*"hybris" + 0.011*"need" + 0.010*"platform" + 0.010*"year" + 0.010*"team" + 0.010*"developing" + 0.009*"knowledge" + 0.009*"core" + 0.009*"tool" + 0.008*"framework"
2018-06-11 16:49:18,077 : INFO : topic #6 (0.100): 0.014*"project" + 0.011*"year" + 0.010*"team" + 0.009*"need" + 0.009*"skill" + 0.007*"network" + 0.007*"sql" + 0.007*"knowledge" + 0.007*"support" + 0.006*"work"
2018-06-11 16:49:18,077 : INFO : topic #4 (0.100): 0.015*"knowledge" + 0.013*"need" + 0.012*"work" + 0.010*"java" + 0.010*"learning" + 0.009*"team" + 0.009*"year" + 0.008*"machine" + 0.008*"please" + 0.007*"python"
2018-06-11 16:49:18,077 : INFO : topic #8 (0.100): 0.012*"database" + 0.012*"year" + 0.012*"team" + 0.012*"need" + 0.009*"platform" + 0.009*"high" + 0.008*"code" + 0.008*"javascript" + 0.008*"application" + 0.008*"java"
2018-06-11 16:49:18,078 : INFO : topic #2 (0.100): 0.014*"application" + 0.010*"need" + 0.009*"year" + 0.009*"working" + 0.009*"work" + 0.008*"team" + 0.008*"solution" + 0.007*"technology" + 0.007*"sql" + 0.007*"reporting"
2018-06-11 16:49:18,078 : INFO : topic diff=0.209031, rho=0.353553
2018-06-11 16:49:18,416 : INFO : -7.307 per-word bound, 158.3 perplexity estimate based on a held-out corpus of 519 documents with 52420 words
2018-06-11 16:49:18,416 : INFO : PROGRESS: pass 7, at document #519/519
2018-06-11 16:49:18,590 : INFO : topic #9 (0.100): 0.012*"hybris" + 0.011*"need" + 0.011*"platform" + 0.010*"year" + 0.010*"team" + 0.010*"developing" + 0.009*"core" + 0.009*"tool" + 0.009*"knowledge" + 0.008*"framework"
2018-06-11 16:49:18,590 : INFO : topic #6 (0.100): 0.014*"project" + 0.011*"year" + 0.010*"team" + 0.009*"skill" + 0.009*"need" + 0.008*"network" + 0.007*"sql" + 0.007*"knowledge" + 0.007*"support" + 0.006*"work"
2018-06-11 16:49:18,590 : INFO : topic #2 (0.100): 0.014*"application" + 0.010*"need" + 0.009*"year" + 0.009*"working" + 0.009*"work" + 0.008*"team" + 0.008*"solution" + 0.007*"technology" + 0.007*"reporting" + 0.007*"sql"
2018-06-11 16:49:18,591 : INFO : topic #7 (0.100): 0.017*"learning" + 0.017*"machine" + 0.010*"product" + 0.010*"team" + 0.010*"need" + 0.009*"python" + 0.008*"year" + 0.007*"tool" + 0.007*"work" + 0.006*"working"
2018-06-11 16:49:18,591 : INFO : topic #0 (0.100): 0.010*"work" + 0.010*"product" + 0.009*"need" + 0.009*"technology" + 0.009*"team" + 0.009*"knowledge" + 0.008*"project" + 0.007*"application" + 0.007*"skill" + 0.006*"year"
2018-06-11 16:49:18,591 : INFO : topic diff=0.157756, rho=0.333333
2018-06-11 16:49:18,914 : INFO : -7.297 per-word bound, 157.3 perplexity estimate based on a held-out corpus of 519 documents with 52420 words
2018-06-11 16:49:18,914 : INFO : PROGRESS: pass 8, at document #519/519
2018-06-11 16:49:19,105 : INFO : topic #7 (0.100): 0.017*"learning" + 0.017*"machine" + 0.010*"team" + 0.010*"product" + 0.010*"need" + 0.009*"python" + 0.008*"year" + 0.007*"tool" + 0.007*"work" + 0.006*"working"
2018-06-11 16:49:19,106 : INFO : topic #1 (0.100): 0.012*"knowledge" + 0.012*"big" + 0.010*"plus" + 0.010*"technology" + 0.009*"time" + 0.008*"etc" + 0.008*"tool" + 0.008*"understanding" + 0.007*"strong" + 0.007*"need"
2018-06-11 16:49:19,106 : INFO : topic #2 (0.100): 0.014*"application" + 0.010*"need" + 0.009*"working" + 0.009*"year" + 0.009*"work" + 0.008*"team" + 0.008*"solution" + 0.007*"technology" + 0.007*"reporting" + 0.007*"sql"
2018-06-11 16:49:19,107 : INFO : topic #8 (0.100): 0.012*"database" + 0.012*"year" + 0.012*"team" + 0.012*"need" + 0.009*"platform" + 0.009*"high" + 0.009*"web" + 0.008*"javascript" + 0.008*"application" + 0.008*"code"
2018-06-11 16:49:19,107 : INFO : topic #4 (0.100): 0.015*"knowledge" + 0.013*"need" + 0.013*"work" + 0.010*"java" + 0.010*"learning" + 0.009*"team" + 0.009*"year" + 0.008*"machine" + 0.008*"please" + 0.007*"python"
2018-06-11 16:49:19,107 : INFO : topic diff=0.120893, rho=0.316228
2018-06-11 16:49:19,489 : INFO : -7.290 per-word bound, 156.5 perplexity estimate based on a held-out corpus of 519 documents with 52420 words
2018-06-11 16:49:19,489 : INFO : PROGRESS: pass 9, at document #519/519
2018-06-11 16:49:19,672 : INFO : topic #1 (0.100): 0.012*"knowledge" + 0.012*"big" + 0.010*"plus" + 0.010*"technology" + 0.009*"time" + 0.008*"etc" + 0.008*"tool" + 0.008*"understanding" + 0.007*"strong" + 0.007*"spark"
2018-06-11 16:49:19,672 : INFO : topic #2 (0.100): 0.014*"application" + 0.010*"need" + 0.009*"working" + 0.009*"year" + 0.009*"work" + 0.008*"team" + 0.008*"solution" + 0.007*"technology" + 0.007*"reporting" + 0.007*"sql"
2018-06-11 16:49:19,672 : INFO : topic #8 (0.100): 0.013*"database" + 0.012*"year" + 0.012*"team" + 0.012*"need" + 0.010*"platform" + 0.009*"web" + 0.009*"high" + 0.009*"application" + 0.009*"javascript" + 0.008*"code"
2018-06-11 16:49:19,672 : INFO : topic #9 (0.100): 0.013*"hybris" + 0.011*"platform" + 0.011*"need" + 0.010*"team" + 0.010*"developing" + 0.010*"year" + 0.009*"tool" + 0.009*"core" + 0.009*"knowledge" + 0.008*"framework"
2018-06-11 16:49:19,673 : INFO : topic #5 (0.100): 0.011*"product" + 0.010*"need" + 0.010*"learning" + 0.010*"year" + 0.008*"degree" + 0.008*"team" + 0.008*"machine" + 0.008*"solution" + 0.007*"computer" + 0.007*"work"
2018-06-11 16:49:19,673 : INFO : topic diff=0.093975, rho=0.301511
2018-06-11 16:49:20,006 : INFO : -7.284 per-word bound, 155.9 perplexity estimate based on a held-out corpus of 519 documents with 52420 words
2018-06-11 16:49:20,007 : INFO : PROGRESS: pass 10, at document #519/519
2018-06-11 16:49:20,184 : INFO : topic #8 (0.100): 0.013*"database" + 0.012*"year" + 0.012*"team" + 0.012*"need" + 0.010*"platform" + 0.009*"web" + 0.009*"high" + 0.009*"application" + 0.009*"javascript" + 0.008*"code"
2018-06-11 16:49:20,184 : INFO : topic #0 (0.100): 0.010*"product" + 0.010*"work" + 0.009*"need" + 0.009*"technology" + 0.009*"team" + 0.009*"knowledge" + 0.008*"project" + 0.008*"application" + 0.007*"skill" + 0.007*"user"
2018-06-11 16:49:20,184 : INFO : topic #7 (0.100): 0.018*"learning" + 0.017*"machine" + 0.011*"team" + 0.010*"product" + 0.010*"need" + 0.009*"python" + 0.008*"year" + 0.007*"tool" + 0.007*"work" + 0.006*"working"
2018-06-11 16:49:20,184 : INFO : topic #5 (0.100): 0.011*"product" + 0.010*"need" + 0.010*"learning" + 0.010*"year" + 0.008*"degree" + 0.008*"team" + 0.008*"machine" + 0.008*"solution" + 0.007*"computer" + 0.007*"work"
2018-06-11 16:49:20,185 : INFO : topic #6 (0.100): 0.014*"project" + 0.011*"year" + 0.010*"team" + 0.009*"skill" + 0.009*"need" + 0.008*"network" + 0.007*"knowledge" + 0.007*"support" + 0.007*"sql" + 0.006*"client"
2018-06-11 16:49:20,185 : INFO : topic diff=0.074356, rho=0.288675
2018-06-11 16:49:20,536 : INFO : -7.280 per-word bound, 155.4 perplexity estimate based on a held-out corpus of 519 documents with 52420 words
2018-06-11 16:49:20,536 : INFO : PROGRESS: pass 11, at document #519/519
2018-06-11 16:49:20,753 : INFO : topic #8 (0.100): 0.013*"database" + 0.012*"team" + 0.012*"year" + 0.012*"need" + 0.010*"platform" + 0.009*"web" + 0.009*"application" + 0.009*"high" + 0.009*"javascript" + 0.008*"code"
2018-06-11 16:49:20,755 : INFO : topic #9 (0.100): 0.013*"hybris" + 0.011*"platform" + 0.011*"need" + 0.010*"team" + 0.010*"developing" + 0.010*"year" + 0.009*"tool" + 0.009*"core" + 0.009*"knowledge" + 0.009*"framework"
2018-06-11 16:49:20,756 : INFO : topic #2 (0.100): 0.014*"application" + 0.009*"working" + 0.009*"need" + 0.009*"year" + 0.009*"work" + 0.008*"team" + 0.008*"solution" + 0.007*"technology" + 0.007*"reporting" + 0.007*"sql"
2018-06-11 16:49:20,756 : INFO : topic #3 (0.100): 0.015*"work" + 0.013*"knowledge" + 0.013*"need" + 0.010*"python" + 0.010*"strong" + 0.009*"team" + 0.009*"develop" + 0.009*"year" + 0.008*"sql" + 0.007*"engineer"
2018-06-11 16:49:20,756 : INFO : topic #7 (0.100): 0.018*"learning" + 0.018*"machine" + 0.011*"team" + 0.010*"product" + 0.010*"need" + 0.009*"python" + 0.008*"year" + 0.007*"tool" + 0.007*"work" + 0.006*"working"
2018-06-11 16:49:20,756 : INFO : topic diff=0.059891, rho=0.277350
2018-06-11 16:49:21,136 : INFO : -7.276 per-word bound, 154.9 perplexity estimate based on a held-out corpus of 519 documents with 52420 words
2018-06-11 16:49:21,136 : INFO : PROGRESS: pass 12, at document #519/519
2018-06-11 16:49:21,351 : INFO : topic #1 (0.100): 0.012*"big" + 0.012*"knowledge" + 0.010*"plus" + 0.010*"technology" + 0.010*"time" + 0.008*"etc" + 0.008*"tool" + 0.008*"understanding" + 0.007*"spark" + 0.007*"strong"
2018-06-11 16:49:21,351 : INFO : topic #3 (0.100): 0.015*"work" + 0.013*"knowledge" + 0.013*"need" + 0.010*"python" + 0.010*"strong" + 0.009*"team" + 0.009*"develop" + 0.009*"year" + 0.008*"sql" + 0.007*"quality"
2018-06-11 16:49:21,352 : INFO : topic #7 (0.100): 0.018*"learning" + 0.018*"machine" + 0.011*"team" + 0.010*"product" + 0.010*"need" + 0.009*"python" + 0.008*"year" + 0.007*"tool" + 0.007*"work" + 0.006*"working"
2018-06-11 16:49:21,352 : INFO : topic #9 (0.100): 0.013*"hybris" + 0.011*"platform" + 0.011*"need" + 0.010*"team" + 0.010*"developing" + 0.010*"year" + 0.009*"tool" + 0.009*"core" + 0.009*"knowledge" + 0.009*"framework"
2018-06-11 16:49:21,352 : INFO : topic #6 (0.100): 0.015*"project" + 0.011*"year" + 0.009*"team" + 0.009*"skill" + 0.009*"need" + 0.008*"network" + 0.007*"support" + 0.007*"knowledge" + 0.007*"client" + 0.006*"sql"
2018-06-11 16:49:21,352 : INFO : topic diff=0.049112, rho=0.267261
2018-06-11 16:49:21,771 : INFO : -7.272 per-word bound, 154.6 perplexity estimate based on a held-out corpus of 519 documents with 52420 words
2018-06-11 16:49:21,771 : INFO : PROGRESS: pass 13, at document #519/519
2018-06-11 16:49:21,968 : INFO : topic #6 (0.100): 0.015*"project" + 0.011*"year" + 0.009*"skill" + 0.009*"team" + 0.009*"need" + 0.008*"network" + 0.007*"support" + 0.007*"knowledge" + 0.007*"client" + 0.006*"sql"
2018-06-11 16:49:21,968 : INFO : topic #9 (0.100): 0.013*"hybris" + 0.011*"platform" + 0.011*"need" + 0.010*"developing" + 0.010*"team" + 0.010*"year" + 0.009*"tool" + 0.009*"core" + 0.009*"knowledge" + 0.009*"framework"
2018-06-11 16:49:21,968 : INFO : topic #1 (0.100): 0.013*"big" + 0.012*"knowledge" + 0.010*"plus" + 0.010*"technology" + 0.010*"time" + 0.008*"etc" + 0.008*"tool" + 0.008*"understanding" + 0.008*"spark" + 0.007*"real"
2018-06-11 16:49:21,968 : INFO : topic #0 (0.100): 0.010*"product" + 0.010*"work" + 0.009*"need" + 0.009*"technology" + 0.009*"knowledge" + 0.009*"team" + 0.008*"project" + 0.008*"application" + 0.008*"skill" + 0.007*"new"
2018-06-11 16:49:21,969 : INFO : topic #5 (0.100): 0.011*"product" + 0.010*"need" + 0.010*"learning" + 0.010*"year" + 0.008*"degree" + 0.008*"team" + 0.008*"machine" + 0.008*"solution" + 0.007*"computer" + 0.007*"work"
2018-06-11 16:49:21,969 : INFO : topic diff=0.040845, rho=0.258199
2018-06-11 16:49:22,413 : INFO : -7.270 per-word bound, 154.3 perplexity estimate based on a held-out corpus of 519 documents with 52420 words
2018-06-11 16:49:22,413 : INFO : PROGRESS: pass 14, at document #519/519
2018-06-11 16:49:22,656 : INFO : topic #0 (0.100): 0.010*"product" + 0.010*"work" + 0.009*"need" + 0.009*"technology" + 0.009*"knowledge" + 0.008*"team" + 0.008*"project" + 0.008*"skill" + 0.008*"application" + 0.007*"new"
2018-06-11 16:49:22,657 : INFO : topic #7 (0.100): 0.019*"learning" + 0.018*"machine" + 0.011*"team" + 0.011*"product" + 0.010*"need" + 0.009*"python" + 0.008*"year" + 0.007*"tool" + 0.007*"work" + 0.006*"customer"
2018-06-11 16:49:22,657 : INFO : topic #6 (0.100): 0.015*"project" + 0.011*"year" + 0.009*"skill" + 0.009*"team" + 0.009*"need" + 0.009*"network" + 0.007*"support" + 0.007*"client" + 0.007*"knowledge" + 0.006*"sql"
2018-06-11 16:49:22,657 : INFO : topic #9 (0.100): 0.013*"hybris" + 0.011*"platform" + 0.011*"need" + 0.010*"developing" + 0.010*"team" + 0.010*"tool" + 0.009*"year" + 0.009*"core" + 0.009*"knowledge" + 0.009*"framework"
2018-06-11 16:49:22,657 : INFO : topic #1 (0.100): 0.013*"big" + 0.012*"knowledge" + 0.010*"plus" + 0.010*"time" + 0.010*"technology" + 0.008*"etc" + 0.008*"tool" + 0.008*"understanding" + 0.008*"spark" + 0.007*"real"
2018-06-11 16:49:22,657 : INFO : topic diff=0.034533, rho=0.250000
2018-06-11 16:49:23,045 : INFO : -7.267 per-word bound, 154.0 perplexity estimate based on a held-out corpus of 519 documents with 52420 words
2018-06-11 16:49:23,046 : INFO : PROGRESS: pass 15, at document #519/519
2018-06-11 16:49:23,257 : INFO : topic #3 (0.100): 0.016*"work" + 0.013*"knowledge" + 0.013*"need" + 0.010*"python" + 0.010*"strong" + 0.009*"develop" + 0.009*"team" + 0.009*"year" + 0.008*"sql" + 0.007*"quality"
2018-06-11 16:49:23,257 : INFO : topic #6 (0.100): 0.015*"project" + 0.011*"year" + 0.009*"skill" + 0.009*"team" + 0.009*"need" + 0.009*"network" + 0.007*"support" + 0.007*"client" + 0.007*"knowledge" + 0.006*"work"
2018-06-11 16:49:23,257 : INFO : topic #7 (0.100): 0.019*"learning" + 0.018*"machine" + 0.011*"team" + 0.011*"product" + 0.010*"need" + 0.009*"python" + 0.008*"year" + 0.007*"tool" + 0.007*"work" + 0.006*"customer"
2018-06-11 16:49:23,257 : INFO : topic #8 (0.100): 0.013*"database" + 0.013*"team" + 0.012*"year" + 0.012*"need" + 0.010*"platform" + 0.010*"web" + 0.009*"application" + 0.009*"javascript" + 0.009*"high" + 0.008*"code"
2018-06-11 16:49:23,258 : INFO : topic #4 (0.100): 0.015*"knowledge" + 0.013*"need" + 0.013*"work" + 0.010*"java" + 0.009*"learning" + 0.009*"year" + 0.009*"team" + 0.008*"please" + 0.008*"machine" + 0.008*"engineer"
2018-06-11 16:49:23,258 : INFO : topic diff=0.029670, rho=0.242536
2018-06-11 16:49:23,594 : INFO : -7.265 per-word bound, 153.8 perplexity estimate based on a held-out corpus of 519 documents with 52420 words
2018-06-11 16:49:23,594 : INFO : PROGRESS: pass 16, at document #519/519
2018-06-11 16:49:23,768 : INFO : topic #6 (0.100): 0.015*"project" + 0.011*"year" + 0.009*"skill" + 0.009*"team" + 0.009*"network" + 0.009*"need" + 0.007*"support" + 0.007*"client" + 0.007*"knowledge" + 0.006*"report"
2018-06-11 16:49:23,768 : INFO : topic #1 (0.100): 0.013*"big" + 0.012*"knowledge" + 0.010*"plus" + 0.010*"time" + 0.010*"technology" + 0.009*"etc" + 0.008*"tool" + 0.008*"spark" + 0.008*"understanding" + 0.008*"real"
2018-06-11 16:49:23,769 : INFO : topic #0 (0.100): 0.010*"product" + 0.010*"work" + 0.009*"need" + 0.009*"technology" + 0.009*"knowledge" + 0.008*"team" + 0.008*"project" + 0.008*"skill" + 0.008*"application" + 0.007*"new"
2018-06-11 16:49:23,769 : INFO : topic #2 (0.100): 0.014*"application" + 0.010*"working" + 0.009*"need" + 0.009*"year" + 0.009*"work" + 0.009*"team" + 0.008*"solution" + 0.008*"reporting" + 0.007*"sql" + 0.007*"technology"
2018-06-11 16:49:23,769 : INFO : topic #3 (0.100): 0.016*"work" + 0.013*"knowledge" + 0.013*"need" + 0.010*"python" + 0.010*"strong" + 0.009*"develop" + 0.009*"team" + 0.009*"year" + 0.008*"sql" + 0.007*"quality"
2018-06-11 16:49:23,769 : INFO : topic diff=0.025822, rho=0.235702
2018-06-11 16:49:24,082 : INFO : -7.263 per-word bound, 153.6 perplexity estimate based on a held-out corpus of 519 documents with 52420 words
2018-06-11 16:49:24,082 : INFO : PROGRESS: pass 17, at document #519/519
2018-06-11 16:49:24,257 : INFO : topic #1 (0.100): 0.013*"big" + 0.012*"knowledge" + 0.010*"plus" + 0.010*"time" + 0.010*"technology" + 0.009*"etc" + 0.008*"tool" + 0.008*"spark" + 0.008*"understanding" + 0.008*"real"
2018-06-11 16:49:24,257 : INFO : topic #4 (0.100): 0.015*"knowledge" + 0.013*"need" + 0.013*"work" + 0.010*"java" + 0.009*"year" + 0.009*"learning" + 0.009*"team" + 0.008*"please" + 0.008*"machine" + 0.008*"engineer"
2018-06-11 16:49:24,257 : INFO : topic #7 (0.100): 0.019*"learning" + 0.018*"machine" + 0.011*"team" + 0.011*"product" + 0.010*"need" + 0.009*"python" + 0.008*"year" + 0.007*"tool" + 0.007*"work" + 0.006*"customer"
2018-06-11 16:49:24,257 : INFO : topic #3 (0.100): 0.016*"work" + 0.013*"knowledge" + 0.013*"need" + 0.010*"python" + 0.010*"strong" + 0.009*"develop" + 0.009*"team" + 0.009*"year" + 0.008*"sql" + 0.007*"quality"
2018-06-11 16:49:24,257 : INFO : topic #9 (0.100): 0.014*"hybris" + 0.011*"platform" + 0.010*"need" + 0.010*"developing" + 0.010*"team" + 0.010*"tool" + 0.010*"core" + 0.009*"year" + 0.009*"knowledge" + 0.009*"framework"
2018-06-11 16:49:24,257 : INFO : topic diff=0.022755, rho=0.229416
2018-06-11 16:49:24,574 : INFO : -7.261 per-word bound, 153.4 perplexity estimate based on a held-out corpus of 519 documents with 52420 words
2018-06-11 16:49:24,574 : INFO : PROGRESS: pass 18, at document #519/519
2018-06-11 16:49:24,741 : INFO : topic #6 (0.100): 0.015*"project" + 0.011*"year" + 0.009*"skill" + 0.009*"team" + 0.009*"network" + 0.009*"need" + 0.007*"support" + 0.007*"client" + 0.007*"knowledge" + 0.006*"report"
2018-06-11 16:49:24,741 : INFO : topic #8 (0.100): 0.013*"database" + 0.013*"team" + 0.013*"year" + 0.012*"need" + 0.010*"platform" + 0.010*"web" + 0.009*"application" + 0.009*"javascript" + 0.009*"high" + 0.008*"code"
2018-06-11 16:49:24,741 : INFO : topic #4 (0.100): 0.015*"knowledge" + 0.013*"need" + 0.013*"work" + 0.010*"java" + 0.009*"year" + 0.009*"learning" + 0.009*"team" + 0.008*"please" + 0.008*"machine" + 0.008*"engineer"
2018-06-11 16:49:24,741 : INFO : topic #7 (0.100): 0.019*"learning" + 0.018*"machine" + 0.011*"team" + 0.011*"product" + 0.010*"need" + 0.009*"python" + 0.008*"year" + 0.007*"tool" + 0.007*"work" + 0.006*"new"
2018-06-11 16:49:24,741 : INFO : topic #9 (0.100): 0.014*"hybris" + 0.011*"platform" + 0.010*"need" + 0.010*"developing" + 0.010*"team" + 0.010*"tool" + 0.010*"core" + 0.009*"year" + 0.009*"knowledge" + 0.009*"framework"
2018-06-11 16:49:24,741 : INFO : topic diff=0.020286, rho=0.223607
2018-06-11 16:49:25,065 : INFO : -7.259 per-word bound, 153.2 perplexity estimate based on a held-out corpus of 519 documents with 52420 words
2018-06-11 16:49:25,065 : INFO : PROGRESS: pass 19, at document #519/519
2018-06-11 16:49:25,241 : INFO : topic #3 (0.100): 0.016*"work" + 0.013*"knowledge" + 0.013*"need" + 0.010*"python" + 0.010*"strong" + 0.010*"develop" + 0.009*"team" + 0.009*"year" + 0.008*"sql" + 0.007*"quality"
2018-06-11 16:49:25,242 : INFO : topic #4 (0.100): 0.015*"knowledge" + 0.013*"work" + 0.013*"need" + 0.010*"java" + 0.009*"year" + 0.009*"learning" + 0.009*"team" + 0.008*"please" + 0.008*"machine" + 0.008*"engineer"
2018-06-11 16:49:25,242 : INFO : topic #9 (0.100): 0.014*"hybris" + 0.011*"platform" + 0.010*"need" + 0.010*"developing" + 0.010*"team" + 0.010*"tool" + 0.010*"core" + 0.009*"year" + 0.009*"knowledge" + 0.009*"framework"
2018-06-11 16:49:25,242 : INFO : topic #2 (0.100): 0.014*"application" + 0.010*"working" + 0.010*"need" + 0.009*"year" + 0.009*"work" + 0.009*"team" + 0.008*"reporting" + 0.008*"solution" + 0.008*"sql" + 0.007*"project"
2018-06-11 16:49:25,242 : INFO : topic #5 (0.100): 0.011*"product" + 0.010*"need" + 0.010*"learning" + 0.010*"year" + 0.008*"degree" + 0.008*"machine" + 0.008*"team" + 0.008*"solution" + 0.007*"computer" + 0.007*"work"
2018-06-11 16:49:25,242 : INFO : topic diff=0.018286, rho=0.218218
2018-06-11 16:49:25,546 : INFO : -7.258 per-word bound, 153.0 perplexity estimate based on a held-out corpus of 519 documents with 52420 words
2018-06-11 16:49:25,546 : INFO : PROGRESS: pass 20, at document #519/519
2018-06-11 16:49:25,717 : INFO : topic #9 (0.100): 0.014*"hybris" + 0.011*"platform" + 0.010*"need" + 0.010*"developing" + 0.010*"team" + 0.010*"tool" + 0.010*"core" + 0.009*"knowledge" + 0.009*"year" + 0.009*"framework"
2018-06-11 16:49:25,718 : INFO : topic #2 (0.100): 0.014*"application" + 0.010*"working" + 0.010*"need" + 0.009*"work" + 0.009*"team" + 0.009*"year" + 0.008*"reporting" + 0.008*"solution" + 0.008*"sql" + 0.007*"project"
2018-06-11 16:49:25,718 : INFO : topic #1 (0.100): 0.013*"big" + 0.012*"knowledge" + 0.010*"time" + 0.010*"plus" + 0.010*"technology" + 0.009*"etc" + 0.008*"tool" + 0.008*"spark" + 0.008*"real" + 0.008*"understanding"
2018-06-11 16:49:25,718 : INFO : topic #3 (0.100): 0.016*"work" + 0.013*"knowledge" + 0.013*"need" + 0.010*"python" + 0.010*"strong" + 0.010*"develop" + 0.009*"team" + 0.009*"year" + 0.008*"sql" + 0.007*"quality"
2018-06-11 16:49:25,718 : INFO : topic #6 (0.100): 0.015*"project" + 0.011*"year" + 0.009*"skill" + 0.009*"team" + 0.009*"network" + 0.009*"need" + 0.007*"support" + 0.007*"client" + 0.007*"knowledge" + 0.006*"senior"
2018-06-11 16:49:25,719 : INFO : topic diff=0.016606, rho=0.213201
2018-06-11 16:49:26,045 : INFO : -7.256 per-word bound, 152.9 perplexity estimate based on a held-out corpus of 519 documents with 52420 words
2018-06-11 16:49:26,045 : INFO : PROGRESS: pass 21, at document #519/519
2018-06-11 16:49:26,197 : INFO : topic #0 (0.100): 0.010*"product" + 0.010*"work" + 0.009*"need" + 0.009*"technology" + 0.009*"knowledge" + 0.008*"project" + 0.008*"skill" + 0.008*"team" + 0.008*"application" + 0.007*"process"
2018-06-11 16:49:26,197 : INFO : topic #6 (0.100): 0.015*"project" + 0.011*"year" + 0.010*"skill" + 0.009*"network" + 0.009*"team" + 0.009*"need" + 0.007*"support" + 0.007*"client" + 0.007*"knowledge" + 0.006*"senior"
2018-06-11 16:49:26,197 : INFO : topic #7 (0.100): 0.019*"learning" + 0.018*"machine" + 0.011*"team" + 0.011*"product" + 0.010*"need" + 0.009*"python" + 0.008*"year" + 0.007*"tool" + 0.007*"work" + 0.006*"new"
2018-06-11 16:49:26,197 : INFO : topic #9 (0.100): 0.014*"hybris" + 0.011*"platform" + 0.010*"need" + 0.010*"developing" + 0.010*"team" + 0.010*"tool" + 0.010*"core" + 0.009*"knowledge" + 0.009*"year" + 0.009*"framework"
2018-06-11 16:49:26,197 : INFO : topic #1 (0.100): 0.013*"big" + 0.012*"knowledge" + 0.010*"time" + 0.010*"plus" + 0.010*"technology" + 0.009*"etc" + 0.008*"tool" + 0.008*"spark" + 0.008*"real" + 0.008*"understanding"
2018-06-11 16:49:26,197 : INFO : topic diff=0.015235, rho=0.208514
2018-06-11 16:49:26,501 : INFO : -7.255 per-word bound, 152.8 perplexity estimate based on a held-out corpus of 519 documents with 52420 words
2018-06-11 16:49:26,501 : INFO : PROGRESS: pass 22, at document #519/519
2018-06-11 16:49:26,657 : INFO : topic #8 (0.100): 0.013*"team" + 0.013*"database" + 0.013*"year" + 0.012*"need" + 0.010*"platform" + 0.010*"web" + 0.009*"application" + 0.009*"javascript" + 0.009*"high" + 0.009*"code"
2018-06-11 16:49:26,657 : INFO : topic #9 (0.100): 0.014*"hybris" + 0.011*"platform" + 0.010*"need" + 0.010*"developing" + 0.010*"team" + 0.010*"tool" + 0.010*"core" + 0.009*"knowledge" + 0.009*"year" + 0.009*"framework"
2018-06-11 16:49:26,657 : INFO : topic #5 (0.100): 0.011*"product" + 0.011*"learning" + 0.011*"need" + 0.010*"year" + 0.008*"degree" + 0.008*"machine" + 0.008*"team" + 0.008*"solution" + 0.007*"computer" + 0.007*"work"
2018-06-11 16:49:26,658 : INFO : topic #3 (0.100): 0.016*"work" + 0.013*"knowledge" + 0.013*"need" + 0.010*"python" + 0.010*"strong" + 0.010*"develop" + 0.009*"team" + 0.009*"year" + 0.008*"sql" + 0.007*"quality"
2018-06-11 16:49:26,658 : INFO : topic #2 (0.100): 0.014*"application" + 0.010*"working" + 0.010*"need" + 0.009*"team" + 0.009*"work" + 0.009*"year" + 0.008*"reporting" + 0.008*"sql" + 0.008*"solution" + 0.007*"project"
2018-06-11 16:49:26,658 : INFO : topic diff=0.014081, rho=0.204124
2018-06-11 16:49:27,039 : INFO : -7.254 per-word bound, 152.6 perplexity estimate based on a held-out corpus of 519 documents with 52420 words
2018-06-11 16:49:27,040 : INFO : PROGRESS: pass 23, at document #519/519
2018-06-11 16:49:27,303 : INFO : topic #9 (0.100): 0.014*"hybris" + 0.011*"platform" + 0.010*"need" + 0.010*"developing" + 0.010*"tool" + 0.010*"team" + 0.010*"core" + 0.009*"knowledge" + 0.009*"year" + 0.009*"framework"
2018-06-11 16:49:27,304 : INFO : topic #1 (0.100): 0.013*"big" + 0.012*"knowledge" + 0.010*"time" + 0.010*"plus" + 0.010*"technology" + 0.009*"etc" + 0.008*"spark" + 0.008*"tool" + 0.008*"real" + 0.008*"understanding"
2018-06-11 16:49:27,304 : INFO : topic #5 (0.100): 0.011*"product" + 0.011*"learning" + 0.011*"need" + 0.010*"year" + 0.008*"degree" + 0.008*"machine" + 0.008*"team" + 0.008*"solution" + 0.007*"computer" + 0.007*"work"
2018-06-11 16:49:27,304 : INFO : topic #2 (0.100): 0.014*"application" + 0.010*"working" + 0.010*"need" + 0.009*"team" + 0.009*"work" + 0.009*"year" + 0.008*"reporting" + 0.008*"sql" + 0.008*"solution" + 0.007*"project"
2018-06-11 16:49:27,304 : INFO : topic #8 (0.100): 0.013*"team" + 0.013*"database" + 0.013*"year" + 0.012*"need" + 0.010*"platform" + 0.010*"web" + 0.010*"application" + 0.009*"javascript" + 0.009*"code" + 0.009*"high"
2018-06-11 16:49:27,304 : INFO : topic diff=0.013094, rho=0.200000
2018-06-11 16:49:27,786 : INFO : -7.253 per-word bound, 152.5 perplexity estimate based on a held-out corpus of 519 documents with 52420 words
2018-06-11 16:49:27,786 : INFO : PROGRESS: pass 24, at document #519/519
2018-06-11 16:49:28,018 : INFO : topic #6 (0.100): 0.015*"project" + 0.011*"year" + 0.010*"skill" + 0.009*"network" + 0.009*"team" + 0.008*"need" + 0.007*"support" + 0.007*"client" + 0.006*"knowledge" + 0.006*"senior"
2018-06-11 16:49:28,018 : INFO : topic #8 (0.100): 0.013*"team" + 0.013*"database" + 0.013*"year" + 0.012*"need" + 0.010*"platform" + 0.010*"web" + 0.010*"application" + 0.009*"javascript" + 0.009*"code" + 0.009*"high"
2018-06-11 16:49:28,018 : INFO : topic #1 (0.100): 0.014*"big" + 0.012*"knowledge" + 0.011*"time" + 0.010*"plus" + 0.010*"technology" + 0.009*"etc" + 0.008*"spark" + 0.008*"tool" + 0.008*"real" + 0.008*"understanding"
2018-06-11 16:49:28,018 : INFO : topic #4 (0.100): 0.016*"knowledge" + 0.013*"work" + 0.013*"need" + 0.011*"java" + 0.009*"year" + 0.009*"learning" + 0.009*"team" + 0.008*"please" + 0.008*"machine" + 0.008*"engineer"
2018-06-11 16:49:28,018 : INFO : topic #3 (0.100): 0.016*"work" + 0.013*"knowledge" + 0.013*"need" + 0.010*"python" + 0.010*"strong" + 0.010*"develop" + 0.009*"team" + 0.009*"year" + 0.008*"sql" + 0.007*"quality"
2018-06-11 16:49:28,018 : INFO : topic diff=0.012235, rho=0.196116
2018-06-11 16:49:28,440 : INFO : -7.252 per-word bound, 152.4 perplexity estimate based on a held-out corpus of 519 documents with 52420 words
2018-06-11 16:49:28,441 : INFO : PROGRESS: pass 25, at document #519/519
2018-06-11 16:49:28,659 : INFO : topic #2 (0.100): 0.014*"application" + 0.011*"working" + 0.010*"need" + 0.009*"team" + 0.009*"year" + 0.009*"work" + 0.008*"reporting" + 0.008*"sql" + 0.008*"solution" + 0.007*"project"
2018-06-11 16:49:28,660 : INFO : topic #5 (0.100): 0.011*"product" + 0.011*"learning" + 0.011*"need" + 0.010*"year" + 0.008*"degree" + 0.008*"machine" + 0.008*"team" + 0.008*"solution" + 0.007*"computer" + 0.007*"work"
2018-06-11 16:49:28,660 : INFO : topic #1 (0.100): 0.014*"big" + 0.012*"knowledge" + 0.011*"time" + 0.010*"plus" + 0.010*"technology" + 0.009*"etc" + 0.008*"spark" + 0.008*"tool" + 0.008*"real" + 0.008*"understanding"
2018-06-11 16:49:28,660 : INFO : topic #4 (0.100): 0.016*"knowledge" + 0.013*"work" + 0.013*"need" + 0.011*"java" + 0.009*"year" + 0.009*"learning" + 0.009*"team" + 0.008*"please" + 0.008*"machine" + 0.008*"engineer"
2018-06-11 16:49:28,660 : INFO : topic #0 (0.100): 0.010*"product" + 0.009*"work" + 0.009*"need" + 0.009*"technology" + 0.009*"knowledge" + 0.008*"skill" + 0.008*"project" + 0.008*"team" + 0.008*"application" + 0.007*"process"
2018-06-11 16:49:28,660 : INFO : topic diff=0.011492, rho=0.192450
2018-06-11 16:49:29,194 : INFO : -7.251 per-word bound, 152.3 perplexity estimate based on a held-out corpus of 519 documents with 52420 words
2018-06-11 16:49:29,194 : INFO : PROGRESS: pass 26, at document #519/519
2018-06-11 16:49:29,457 : INFO : topic #2 (0.100): 0.014*"application" + 0.011*"working" + 0.010*"need" + 0.009*"team" + 0.009*"year" + 0.009*"work" + 0.008*"reporting" + 0.008*"sql" + 0.007*"solution" + 0.007*"project"
2018-06-11 16:49:29,457 : INFO : topic #9 (0.100): 0.014*"hybris" + 0.011*"platform" + 0.010*"developing" + 0.010*"need" + 0.010*"tool" + 0.010*"team" + 0.010*"core" + 0.009*"knowledge" + 0.009*"framework" + 0.009*"year"
2018-06-11 16:49:29,458 : INFO : topic #0 (0.100): 0.010*"product" + 0.009*"work" + 0.009*"need" + 0.009*"technology" + 0.009*"knowledge" + 0.008*"skill" + 0.008*"project" + 0.008*"team" + 0.008*"application" + 0.007*"process"
2018-06-11 16:49:29,458 : INFO : topic #4 (0.100): 0.016*"knowledge" + 0.013*"work" + 0.013*"need" + 0.011*"java" + 0.009*"year" + 0.009*"learning" + 0.009*"team" + 0.008*"please" + 0.008*"engineer" + 0.008*"machine"
2018-06-11 16:49:29,458 : INFO : topic #7 (0.100): 0.019*"learning" + 0.018*"machine" + 0.011*"team" + 0.011*"product" + 0.010*"need" + 0.009*"python" + 0.008*"year" + 0.007*"tool" + 0.007*"work" + 0.006*"new"
2018-06-11 16:49:29,458 : INFO : topic diff=0.010814, rho=0.188982
2018-06-11 16:49:29,943 : INFO : -7.250 per-word bound, 152.2 perplexity estimate based on a held-out corpus of 519 documents with 52420 words
2018-06-11 16:49:29,943 : INFO : PROGRESS: pass 27, at document #519/519
2018-06-11 16:49:30,215 : INFO : topic #0 (0.100): 0.010*"product" + 0.009*"work" + 0.009*"need" + 0.009*"technology" + 0.009*"knowledge" + 0.008*"skill" + 0.008*"project" + 0.008*"application" + 0.008*"team" + 0.007*"process"
2018-06-11 16:49:30,215 : INFO : topic #2 (0.100): 0.014*"application" + 0.011*"working" + 0.010*"need" + 0.009*"team" + 0.009*"year" + 0.009*"work" + 0.008*"reporting" + 0.008*"sql" + 0.007*"solution" + 0.007*"project"
2018-06-11 16:49:30,216 : INFO : topic #3 (0.100): 0.016*"work" + 0.013*"knowledge" + 0.013*"need" + 0.010*"python" + 0.010*"strong" + 0.010*"develop" + 0.009*"team" + 0.009*"year" + 0.008*"sql" + 0.007*"quality"
2018-06-11 16:49:30,216 : INFO : topic #8 (0.100): 0.013*"team" + 0.013*"database" + 0.013*"year" + 0.012*"need" + 0.010*"platform" + 0.010*"web" + 0.010*"application" + 0.009*"code" + 0.009*"javascript" + 0.009*"high"
2018-06-11 16:49:30,216 : INFO : topic #1 (0.100): 0.014*"big" + 0.012*"knowledge" + 0.011*"time" + 0.010*"plus" + 0.010*"technology" + 0.009*"etc" + 0.009*"spark" + 0.008*"tool" + 0.008*"real" + 0.008*"understanding"
2018-06-11 16:49:30,216 : INFO : topic diff=0.010228, rho=0.185695
2018-06-11 16:49:30,697 : INFO : -7.249 per-word bound, 152.1 perplexity estimate based on a held-out corpus of 519 documents with 52420 words
2018-06-11 16:49:30,697 : INFO : PROGRESS: pass 28, at document #519/519
2018-06-11 16:49:30,956 : INFO : topic #6 (0.100): 0.016*"project" + 0.011*"year" + 0.010*"skill" + 0.009*"network" + 0.009*"team" + 0.008*"need" + 0.007*"support" + 0.007*"client" + 0.006*"knowledge" + 0.006*"senior"
2018-06-11 16:49:30,956 : INFO : topic #3 (0.100): 0.016*"work" + 0.013*"knowledge" + 0.013*"need" + 0.011*"python" + 0.010*"strong" + 0.010*"develop" + 0.009*"team" + 0.009*"year" + 0.008*"sql" + 0.007*"quality"
2018-06-11 16:49:30,957 : INFO : topic #2 (0.100): 0.014*"application" + 0.011*"working" + 0.010*"need" + 0.009*"team" + 0.009*"year" + 0.009*"work" + 0.008*"reporting" + 0.008*"sql" + 0.007*"project" + 0.007*"solution"
2018-06-11 16:49:30,957 : INFO : topic #9 (0.100): 0.014*"hybris" + 0.011*"platform" + 0.010*"developing" + 0.010*"need" + 0.010*"tool" + 0.010*"team" + 0.010*"core" + 0.009*"knowledge" + 0.009*"framework" + 0.009*"year"
2018-06-11 16:49:30,957 : INFO : topic #5 (0.100): 0.011*"product" + 0.011*"learning" + 0.011*"need" + 0.010*"year" + 0.008*"machine" + 0.008*"degree" + 0.008*"team" + 0.008*"solution" + 0.007*"computer" + 0.007*"sale"
2018-06-11 16:49:30,957 : INFO : topic diff=0.009651, rho=0.182574
2018-06-11 16:49:31,424 : INFO : -7.248 per-word bound, 152.0 perplexity estimate based on a held-out corpus of 519 documents with 52420 words
2018-06-11 16:49:31,425 : INFO : PROGRESS: pass 29, at document #519/519
2018-06-11 16:49:31,670 : INFO : topic #9 (0.100): 0.014*"hybris" + 0.011*"platform" + 0.010*"developing" + 0.010*"need" + 0.010*"tool" + 0.010*"team" + 0.010*"core" + 0.009*"knowledge" + 0.009*"framework" + 0.009*"year"
2018-06-11 16:49:31,670 : INFO : topic #2 (0.100): 0.014*"application" + 0.011*"working" + 0.010*"need" + 0.009*"team" + 0.009*"year" + 0.009*"sql" + 0.009*"reporting" + 0.009*"work" + 0.007*"project" + 0.007*"solution"
2018-06-11 16:49:31,670 : INFO : topic #0 (0.100): 0.010*"product" + 0.009*"work" + 0.009*"need" + 0.009*"knowledge" + 0.009*"technology" + 0.008*"skill" + 0.008*"project" + 0.008*"application" + 0.008*"team" + 0.007*"process"
2018-06-11 16:49:31,670 : INFO : topic #3 (0.100): 0.017*"work" + 0.013*"knowledge" + 0.013*"need" + 0.011*"python" + 0.010*"strong" + 0.010*"develop" + 0.009*"team" + 0.009*"year" + 0.008*"sql" + 0.007*"quality"
2018-06-11 16:49:31,671 : INFO : topic #4 (0.100): 0.016*"knowledge" + 0.013*"work" + 0.013*"need" + 0.011*"java" + 0.010*"year" + 0.009*"learning" + 0.009*"team" + 0.008*"please" + 0.008*"engineer" + 0.008*"machine"
2018-06-11 16:49:31,671 : INFO : topic diff=0.009119, rho=0.179605
2018-06-11 16:49:32,131 : INFO : -7.247 per-word bound, 151.9 perplexity estimate based on a held-out corpus of 519 documents with 52420 words
2018-06-11 16:49:32,131 : INFO : PROGRESS: pass 30, at document #519/519
2018-06-11 16:49:32,374 : INFO : topic #7 (0.100): 0.019*"learning" + 0.018*"machine" + 0.011*"team" + 0.011*"product" + 0.010*"need" + 0.009*"python" + 0.008*"year" + 0.007*"tool" + 0.007*"work" + 0.006*"new"
2018-06-11 16:49:32,374 : INFO : topic #5 (0.100): 0.011*"product" + 0.011*"learning" + 0.011*"need" + 0.010*"year" + 0.008*"machine" + 0.008*"degree" + 0.008*"team" + 0.008*"solution" + 0.007*"computer" + 0.007*"sale"
2018-06-11 16:49:32,375 : INFO : topic #6 (0.100): 0.016*"project" + 0.011*"year" + 0.010*"skill" + 0.009*"network" + 0.009*"team" + 0.008*"need" + 0.007*"support" + 0.007*"client" + 0.006*"knowledge" + 0.006*"senior"
2018-06-11 16:49:32,375 : INFO : topic #8 (0.100): 0.013*"team" + 0.013*"database" + 0.013*"year" + 0.012*"need" + 0.010*"platform" + 0.010*"web" + 0.010*"application" + 0.009*"code" + 0.009*"high" + 0.008*"javascript"
2018-06-11 16:49:32,376 : INFO : topic #1 (0.100): 0.014*"big" + 0.012*"knowledge" + 0.011*"time" + 0.010*"plus" + 0.010*"technology" + 0.009*"etc" + 0.009*"spark" + 0.008*"tool" + 0.008*"real" + 0.008*"understanding"
2018-06-11 16:49:32,376 : INFO : topic diff=0.008640, rho=0.176777
2018-06-11 16:49:32,854 : INFO : -7.246 per-word bound, 151.8 perplexity estimate based on a held-out corpus of 519 documents with 52420 words
2018-06-11 16:49:32,854 : INFO : PROGRESS: pass 31, at document #519/519
2018-06-11 16:49:33,107 : INFO : topic #2 (0.100): 0.014*"application" + 0.011*"working" + 0.010*"need" + 0.009*"sql" + 0.009*"reporting" + 0.009*"team" + 0.009*"year" + 0.009*"work" + 0.007*"project" + 0.007*"solution"
2018-06-11 16:49:33,108 : INFO : topic #0 (0.100): 0.010*"product" + 0.009*"work" + 0.009*"need" + 0.009*"knowledge" + 0.009*"technology" + 0.008*"skill" + 0.008*"project" + 0.008*"application" + 0.008*"team" + 0.007*"process"
2018-06-11 16:49:33,108 : INFO : topic #3 (0.100): 0.017*"work" + 0.013*"knowledge" + 0.013*"need" + 0.011*"python" + 0.010*"strong" + 0.010*"develop" + 0.009*"team" + 0.009*"year" + 0.008*"sql" + 0.007*"quality"
2018-06-11 16:49:33,108 : INFO : topic #6 (0.100): 0.016*"project" + 0.011*"year" + 0.010*"skill" + 0.009*"network" + 0.009*"team" + 0.008*"need" + 0.007*"support" + 0.007*"client" + 0.006*"knowledge" + 0.006*"senior"
2018-06-11 16:49:33,109 : INFO : topic #5 (0.100): 0.011*"product" + 0.011*"learning" + 0.011*"need" + 0.010*"year" + 0.008*"machine" + 0.008*"degree" + 0.008*"team" + 0.008*"solution" + 0.007*"computer" + 0.007*"sale"
2018-06-11 16:49:33,110 : INFO : topic diff=0.008197, rho=0.174078
2018-06-11 16:49:33,559 : INFO : -7.246 per-word bound, 151.8 perplexity estimate based on a held-out corpus of 519 documents with 52420 words
2018-06-11 16:49:33,560 : INFO : PROGRESS: pass 32, at document #519/519
2018-06-11 16:49:33,821 : INFO : topic #2 (0.100): 0.014*"application" + 0.011*"working" + 0.010*"need" + 0.009*"sql" + 0.009*"reporting" + 0.009*"team" + 0.009*"year" + 0.009*"work" + 0.007*"project" + 0.007*"solution"
2018-06-11 16:49:33,821 : INFO : topic #5 (0.100): 0.011*"product" + 0.011*"learning" + 0.011*"need" + 0.010*"year" + 0.008*"machine" + 0.008*"degree" + 0.008*"solution" + 0.008*"team" + 0.007*"computer" + 0.007*"sale"
2018-06-11 16:49:33,821 : INFO : topic #3 (0.100): 0.017*"work" + 0.013*"knowledge" + 0.013*"need" + 0.011*"python" + 0.010*"strong" + 0.010*"develop" + 0.009*"team" + 0.009*"year" + 0.008*"sql" + 0.007*"quality"
2018-06-11 16:49:33,822 : INFO : topic #0 (0.100): 0.010*"product" + 0.009*"work" + 0.009*"need" + 0.009*"knowledge" + 0.009*"technology" + 0.008*"skill" + 0.008*"project" + 0.008*"application" + 0.008*"team" + 0.007*"process"
2018-06-11 16:49:33,822 : INFO : topic #1 (0.100): 0.014*"big" + 0.012*"knowledge" + 0.011*"time" + 0.010*"plus" + 0.010*"technology" + 0.009*"etc" + 0.009*"spark" + 0.008*"tool" + 0.008*"real" + 0.008*"understanding"
2018-06-11 16:49:33,822 : INFO : topic diff=0.007784, rho=0.171499
2018-06-11 16:49:34,267 : INFO : -7.245 per-word bound, 151.7 perplexity estimate based on a held-out corpus of 519 documents with 52420 words
2018-06-11 16:49:34,267 : INFO : PROGRESS: pass 33, at document #519/519
2018-06-11 16:49:34,439 : INFO : topic #0 (0.100): 0.010*"product" + 0.009*"work" + 0.009*"need" + 0.009*"knowledge" + 0.009*"technology" + 0.009*"skill" + 0.008*"project" + 0.008*"application" + 0.008*"team" + 0.007*"process"
2018-06-11 16:49:34,439 : INFO : topic #5 (0.100): 0.011*"product" + 0.011*"learning" + 0.011*"need" + 0.010*"year" + 0.008*"machine" + 0.008*"degree" + 0.008*"solution" + 0.008*"team" + 0.007*"computer" + 0.007*"sale"
2018-06-11 16:49:34,439 : INFO : topic #8 (0.100): 0.013*"team" + 0.013*"database" + 0.013*"year" + 0.012*"need" + 0.010*"platform" + 0.010*"web" + 0.010*"application" + 0.009*"code" + 0.008*"high" + 0.008*"javascript"
2018-06-11 16:49:34,439 : INFO : topic #7 (0.100): 0.019*"learning" + 0.019*"machine" + 0.011*"team" + 0.011*"product" + 0.011*"need" + 0.009*"python" + 0.008*"year" + 0.007*"tool" + 0.007*"work" + 0.006*"statistical"
2018-06-11 16:49:34,440 : INFO : topic #6 (0.100): 0.016*"project" + 0.011*"year" + 0.010*"skill" + 0.010*"network" + 0.009*"team" + 0.008*"need" + 0.007*"support" + 0.007*"client" + 0.006*"knowledge" + 0.006*"senior"
2018-06-11 16:49:34,440 : INFO : topic diff=0.007392, rho=0.169031
2018-06-11 16:49:34,815 : INFO : -7.245 per-word bound, 151.6 perplexity estimate based on a held-out corpus of 519 documents with 52420 words
2018-06-11 16:49:34,815 : INFO : PROGRESS: pass 34, at document #519/519
2018-06-11 16:49:35,025 : INFO : topic #3 (0.100): 0.017*"work" + 0.013*"knowledge" + 0.013*"need" + 0.011*"python" + 0.010*"strong" + 0.010*"develop" + 0.009*"team" + 0.009*"year" + 0.008*"sql" + 0.007*"quality"
2018-06-11 16:49:35,025 : INFO : topic #2 (0.100): 0.014*"application" + 0.011*"working" + 0.010*"need" + 0.009*"sql" + 0.009*"reporting" + 0.009*"year" + 0.009*"team" + 0.008*"work" + 0.007*"project" + 0.007*"knowledge"
2018-06-11 16:49:35,026 : INFO : topic #8 (0.100): 0.013*"team" + 0.013*"database" + 0.013*"year" + 0.012*"need" + 0.010*"platform" + 0.010*"web" + 0.010*"application" + 0.009*"code" + 0.008*"high" + 0.008*"javascript"
2018-06-11 16:49:35,026 : INFO : topic #4 (0.100): 0.016*"knowledge" + 0.013*"work" + 0.013*"need" + 0.011*"java" + 0.010*"year" + 0.009*"learning" + 0.009*"team" + 0.008*"please" + 0.008*"engineer" + 0.008*"machine"
2018-06-11 16:49:35,027 : INFO : topic #1 (0.100): 0.014*"big" + 0.012*"knowledge" + 0.011*"time" + 0.010*"plus" + 0.010*"technology" + 0.009*"etc" + 0.009*"spark" + 0.008*"tool" + 0.008*"real" + 0.008*"understanding"
2018-06-11 16:49:35,027 : INFO : topic diff=0.007035, rho=0.166667
2018-06-11 16:49:35,791 : INFO : -7.244 per-word bound, 151.6 perplexity estimate based on a held-out corpus of 519 documents with 52420 words
2018-06-11 16:49:35,791 : INFO : PROGRESS: pass 35, at document #519/519
2018-06-11 16:49:36,026 : INFO : topic #4 (0.100): 0.016*"knowledge" + 0.013*"work" + 0.013*"need" + 0.011*"java" + 0.010*"year" + 0.009*"learning" + 0.009*"team" + 0.008*"please" + 0.008*"engineer" + 0.008*"machine"
2018-06-11 16:49:36,027 : INFO : topic #8 (0.100): 0.013*"team" + 0.013*"database" + 0.013*"year" + 0.012*"need" + 0.010*"platform" + 0.010*"web" + 0.010*"application" + 0.009*"code" + 0.008*"high" + 0.008*"javascript"
2018-06-11 16:49:36,027 : INFO : topic #3 (0.100): 0.017*"work" + 0.013*"knowledge" + 0.013*"need" + 0.011*"python" + 0.010*"strong" + 0.010*"develop" + 0.009*"team" + 0.009*"year" + 0.008*"sql" + 0.007*"quality"
2018-06-11 16:49:36,027 : INFO : topic #0 (0.100): 0.010*"product" + 0.009*"work" + 0.009*"need" + 0.009*"knowledge" + 0.009*"skill" + 0.008*"technology" + 0.008*"project" + 0.008*"application" + 0.008*"team" + 0.007*"process"
2018-06-11 16:49:36,027 : INFO : topic #1 (0.100): 0.014*"big" + 0.012*"knowledge" + 0.011*"time" + 0.010*"plus" + 0.010*"technology" + 0.009*"etc" + 0.009*"spark" + 0.008*"tool" + 0.008*"real" + 0.008*"understanding"
2018-06-11 16:49:36,027 : INFO : topic diff=0.006697, rho=0.164399
2018-06-11 16:49:36,606 : INFO : -7.243 per-word bound, 151.5 perplexity estimate based on a held-out corpus of 519 documents with 52420 words
2018-06-11 16:49:36,607 : INFO : PROGRESS: pass 36, at document #519/519
2018-06-11 16:49:36,850 : INFO : topic #3 (0.100): 0.017*"work" + 0.013*"knowledge" + 0.013*"need" + 0.011*"python" + 0.010*"strong" + 0.010*"develop" + 0.009*"team" + 0.009*"year" + 0.008*"sql" + 0.007*"quality"
2018-06-11 16:49:36,850 : INFO : topic #0 (0.100): 0.010*"product" + 0.009*"work" + 0.009*"need" + 0.009*"knowledge" + 0.009*"skill" + 0.008*"technology" + 0.008*"project" + 0.008*"application" + 0.008*"team" + 0.007*"process"
2018-06-11 16:49:36,851 : INFO : topic #1 (0.100): 0.014*"big" + 0.012*"knowledge" + 0.011*"time" + 0.010*"plus" + 0.010*"technology" + 0.009*"etc" + 0.009*"spark" + 0.009*"tool" + 0.008*"real" + 0.008*"understanding"
2018-06-11 16:49:36,851 : INFO : topic #4 (0.100): 0.016*"knowledge" + 0.013*"work" + 0.013*"need" + 0.011*"java" + 0.010*"year" + 0.009*"learning" + 0.009*"team" + 0.008*"please" + 0.008*"engineer" + 0.008*"machine"
2018-06-11 16:49:36,851 : INFO : topic #9 (0.100): 0.014*"hybris" + 0.011*"platform" + 0.010*"developing" + 0.010*"need" + 0.010*"tool" + 0.010*"core" + 0.010*"team" + 0.009*"knowledge" + 0.009*"framework" + 0.009*"year"
2018-06-11 16:49:36,851 : INFO : topic diff=0.006392, rho=0.162221
2018-06-11 16:49:37,388 : INFO : -7.243 per-word bound, 151.5 perplexity estimate based on a held-out corpus of 519 documents with 52420 words
2018-06-11 16:49:37,388 : INFO : PROGRESS: pass 37, at document #519/519
2018-06-11 16:49:37,695 : INFO : topic #9 (0.100): 0.014*"hybris" + 0.011*"platform" + 0.010*"developing" + 0.010*"need" + 0.010*"tool" + 0.010*"core" + 0.010*"team" + 0.009*"knowledge" + 0.009*"framework" + 0.009*"year"
2018-06-11 16:49:37,697 : INFO : topic #8 (0.100): 0.013*"team" + 0.013*"year" + 0.012*"database" + 0.012*"need" + 0.010*"platform" + 0.010*"web" + 0.010*"application" + 0.009*"code" + 0.008*"high" + 0.008*"javascript"
2018-06-11 16:49:37,698 : INFO : topic #7 (0.100): 0.019*"learning" + 0.019*"machine" + 0.011*"team" + 0.011*"product" + 0.011*"need" + 0.009*"python" + 0.008*"year" + 0.007*"tool" + 0.007*"work" + 0.006*"statistical"
2018-06-11 16:49:37,698 : INFO : topic #4 (0.100): 0.016*"knowledge" + 0.013*"work" + 0.013*"need" + 0.011*"java" + 0.010*"year" + 0.009*"learning" + 0.009*"team" + 0.008*"please" + 0.008*"engineer" + 0.008*"machine"
2018-06-11 16:49:37,698 : INFO : topic #6 (0.100): 0.016*"project" + 0.011*"year" + 0.010*"network" + 0.010*"skill" + 0.009*"team" + 0.008*"need" + 0.007*"support" + 0.007*"client" + 0.006*"senior" + 0.006*"knowledge"
2018-06-11 16:49:37,698 : INFO : topic diff=0.006098, rho=0.160128
2018-06-11 16:49:38,289 : INFO : -7.242 per-word bound, 151.4 perplexity estimate based on a held-out corpus of 519 documents with 52420 words
2018-06-11 16:49:38,289 : INFO : PROGRESS: pass 38, at document #519/519
2018-06-11 16:49:38,605 : INFO : topic #5 (0.100): 0.011*"product" + 0.011*"learning" + 0.011*"need" + 0.010*"year" + 0.008*"machine" + 0.008*"degree" + 0.008*"solution" + 0.008*"team" + 0.007*"computer" + 0.007*"sale"
2018-06-11 16:49:38,605 : INFO : topic #9 (0.100): 0.014*"hybris" + 0.011*"platform" + 0.010*"developing" + 0.010*"need" + 0.010*"tool" + 0.010*"core" + 0.010*"team" + 0.009*"knowledge" + 0.009*"framework" + 0.009*"year"
2018-06-11 16:49:38,605 : INFO : topic #1 (0.100): 0.014*"big" + 0.012*"knowledge" + 0.011*"time" + 0.010*"plus" + 0.010*"technology" + 0.010*"etc" + 0.009*"spark" + 0.009*"tool" + 0.008*"real" + 0.008*"understanding"
2018-06-11 16:49:38,606 : INFO : topic #7 (0.100): 0.019*"learning" + 0.019*"machine" + 0.011*"team" + 0.011*"product" + 0.011*"need" + 0.009*"python" + 0.008*"year" + 0.007*"tool" + 0.007*"work" + 0.006*"statistical"
2018-06-11 16:49:38,606 : INFO : topic #0 (0.100): 0.010*"product" + 0.010*"work" + 0.009*"knowledge" + 0.009*"need" + 0.009*"skill" + 0.008*"technology" + 0.008*"project" + 0.008*"team" + 0.008*"application" + 0.008*"process"
2018-06-11 16:49:38,606 : INFO : topic diff=0.005830, rho=0.158114
2018-06-11 16:49:39,303 : INFO : -7.242 per-word bound, 151.4 perplexity estimate based on a held-out corpus of 519 documents with 52420 words
2018-06-11 16:49:39,303 : INFO : PROGRESS: pass 39, at document #519/519
2018-06-11 16:49:39,652 : INFO : topic #0 (0.100): 0.010*"product" + 0.010*"work" + 0.009*"knowledge" + 0.009*"need" + 0.009*"skill" + 0.008*"technology" + 0.008*"project" + 0.008*"team" + 0.008*"application" + 0.008*"process"
2018-06-11 16:49:39,652 : INFO : topic #7 (0.100): 0.019*"learning" + 0.019*"machine" + 0.011*"team" + 0.011*"product" + 0.011*"need" + 0.009*"python" + 0.008*"year" + 0.007*"tool" + 0.007*"work" + 0.006*"statistical"
2018-06-11 16:49:39,652 : INFO : topic #5 (0.100): 0.011*"product" + 0.011*"learning" + 0.011*"need" + 0.010*"year" + 0.008*"machine" + 0.008*"degree" + 0.008*"solution" + 0.008*"team" + 0.007*"computer" + 0.007*"sale"
2018-06-11 16:49:39,652 : INFO : topic #8 (0.100): 0.013*"team" + 0.013*"year" + 0.012*"database" + 0.012*"need" + 0.010*"platform" + 0.010*"web" + 0.010*"application" + 0.009*"code" + 0.008*"high" + 0.008*"javascript"
2018-06-11 16:49:39,652 : INFO : topic #2 (0.100): 0.014*"application" + 0.011*"working" + 0.010*"need" + 0.009*"sql" + 0.009*"reporting" + 0.009*"year" + 0.009*"team" + 0.008*"work" + 0.007*"project" + 0.007*"knowledge"
2018-06-11 16:49:39,653 : INFO : topic diff=0.005586, rho=0.156174
2018-06-11 16:49:40,156 : INFO : -7.241 per-word bound, 151.3 perplexity estimate based on a held-out corpus of 519 documents with 52420 words
2018-06-11 16:49:40,156 : INFO : PROGRESS: pass 40, at document #519/519
2018-06-11 16:49:40,454 : INFO : topic #9 (0.100): 0.014*"hybris" + 0.011*"platform" + 0.010*"developing" + 0.010*"need" + 0.010*"tool" + 0.010*"core" + 0.010*"team" + 0.009*"knowledge" + 0.009*"framework" + 0.009*"year"
2018-06-11 16:49:40,454 : INFO : topic #0 (0.100): 0.010*"product" + 0.010*"work" + 0.009*"knowledge" + 0.009*"need" + 0.009*"skill" + 0.008*"technology" + 0.008*"project" + 0.008*"team" + 0.008*"application" + 0.008*"process"
2018-06-11 16:49:40,454 : INFO : topic #5 (0.100): 0.011*"product" + 0.011*"learning" + 0.011*"need" + 0.010*"year" + 0.008*"machine" + 0.008*"degree" + 0.008*"solution" + 0.008*"team" + 0.007*"computer" + 0.007*"sale"
2018-06-11 16:49:40,455 : INFO : topic #2 (0.100): 0.014*"application" + 0.011*"working" + 0.010*"need" + 0.009*"sql" + 0.009*"reporting" + 0.009*"year" + 0.009*"team" + 0.008*"work" + 0.007*"project" + 0.007*"knowledge"
2018-06-11 16:49:40,455 : INFO : topic #6 (0.100): 0.016*"project" + 0.011*"year" + 0.010*"network" + 0.010*"skill" + 0.008*"team" + 0.008*"need" + 0.007*"support" + 0.007*"client" + 0.006*"senior" + 0.006*"knowledge"
2018-06-11 16:49:40,455 : INFO : topic diff=0.005354, rho=0.154303
2018-06-11 16:49:41,031 : INFO : -7.241 per-word bound, 151.3 perplexity estimate based on a held-out corpus of 519 documents with 52420 words
2018-06-11 16:49:41,031 : INFO : PROGRESS: pass 41, at document #519/519
2018-06-11 16:49:41,327 : INFO : topic #0 (0.100): 0.010*"product" + 0.010*"work" + 0.009*"knowledge" + 0.009*"need" + 0.009*"skill" + 0.008*"technology" + 0.008*"project" + 0.008*"team" + 0.008*"application" + 0.008*"process"
2018-06-11 16:49:41,328 : INFO : topic #9 (0.100): 0.014*"hybris" + 0.011*"platform" + 0.010*"developing" + 0.010*"need" + 0.010*"tool" + 0.010*"core" + 0.010*"team" + 0.009*"knowledge" + 0.009*"framework" + 0.009*"year"
2018-06-11 16:49:41,328 : INFO : topic #3 (0.100): 0.017*"work" + 0.013*"knowledge" + 0.013*"need" + 0.011*"python" + 0.010*"strong" + 0.010*"develop" + 0.009*"team" + 0.009*"year" + 0.008*"sql" + 0.007*"quality"
2018-06-11 16:49:41,328 : INFO : topic #2 (0.100): 0.014*"application" + 0.011*"working" + 0.010*"need" + 0.009*"sql" + 0.009*"reporting" + 0.009*"year" + 0.009*"team" + 0.008*"work" + 0.007*"project" + 0.007*"knowledge"
2018-06-11 16:49:41,329 : INFO : topic #7 (0.100): 0.019*"learning" + 0.019*"machine" + 0.011*"team" + 0.011*"product" + 0.011*"need" + 0.009*"python" + 0.008*"year" + 0.007*"tool" + 0.007*"work" + 0.006*"statistical"
2018-06-11 16:49:41,329 : INFO : topic diff=0.005145, rho=0.152499
2018-06-11 16:49:41,881 : INFO : -7.241 per-word bound, 151.2 perplexity estimate based on a held-out corpus of 519 documents with 52420 words
2018-06-11 16:49:41,881 : INFO : PROGRESS: pass 42, at document #519/519
2018-06-11 16:49:42,135 : INFO : topic #8 (0.100): 0.013*"team" + 0.012*"year" + 0.012*"database" + 0.012*"need" + 0.010*"platform" + 0.010*"application" + 0.010*"web" + 0.009*"code" + 0.008*"high" + 0.008*"technology"
2018-06-11 16:49:42,135 : INFO : topic #9 (0.100): 0.014*"hybris" + 0.011*"platform" + 0.010*"developing" + 0.010*"need" + 0.010*"tool" + 0.010*"core" + 0.010*"team" + 0.009*"knowledge" + 0.009*"framework" + 0.009*"year"
2018-06-11 16:49:42,135 : INFO : topic #0 (0.100): 0.010*"product" + 0.010*"work" + 0.009*"knowledge" + 0.009*"need" + 0.009*"skill" + 0.008*"technology" + 0.008*"project" + 0.008*"team" + 0.008*"application" + 0.008*"process"
2018-06-11 16:49:42,135 : INFO : topic #7 (0.100): 0.019*"learning" + 0.019*"machine" + 0.011*"team" + 0.011*"product" + 0.011*"need" + 0.009*"python" + 0.008*"year" + 0.007*"tool" + 0.007*"work" + 0.006*"statistical"
2018-06-11 16:49:42,135 : INFO : topic #1 (0.100): 0.014*"big" + 0.011*"knowledge" + 0.011*"time" + 0.010*"plus" + 0.010*"technology" + 0.010*"etc" + 0.009*"spark" + 0.009*"tool" + 0.008*"real" + 0.008*"understanding"
2018-06-11 16:49:42,136 : INFO : topic diff=0.004953, rho=0.150756
2018-06-11 16:49:42,676 : INFO : -7.240 per-word bound, 151.2 perplexity estimate based on a held-out corpus of 519 documents with 52420 words
2018-06-11 16:49:42,676 : INFO : PROGRESS: pass 43, at document #519/519
2018-06-11 16:49:43,272 : INFO : topic #3 (0.100): 0.017*"work" + 0.013*"knowledge" + 0.013*"need" + 0.011*"python" + 0.010*"strong" + 0.010*"develop" + 0.009*"team" + 0.009*"year" + 0.008*"sql" + 0.007*"quality"
2018-06-11 16:49:43,272 : INFO : topic #9 (0.100): 0.014*"hybris" + 0.011*"platform" + 0.010*"developing" + 0.010*"need" + 0.010*"tool" + 0.010*"core" + 0.010*"team" + 0.009*"knowledge" + 0.009*"framework" + 0.009*"year"
2018-06-11 16:49:43,273 : INFO : topic #8 (0.100): 0.013*"team" + 0.012*"year" + 0.012*"database" + 0.012*"need" + 0.010*"platform" + 0.010*"application" + 0.010*"web" + 0.009*"code" + 0.008*"high" + 0.008*"technology"
2018-06-11 16:49:43,273 : INFO : topic #1 (0.100): 0.014*"big" + 0.011*"knowledge" + 0.011*"time" + 0.010*"plus" + 0.010*"technology" + 0.010*"etc" + 0.009*"spark" + 0.009*"tool" + 0.008*"real" + 0.008*"understanding"
2018-06-11 16:49:43,273 : INFO : topic #7 (0.100): 0.019*"learning" + 0.019*"machine" + 0.011*"team" + 0.011*"product" + 0.011*"need" + 0.009*"python" + 0.008*"year" + 0.007*"tool" + 0.007*"work" + 0.006*"statistical"
2018-06-11 16:49:43,273 : INFO : topic diff=0.004769, rho=0.149071
2018-06-11 16:49:43,703 : INFO : -7.240 per-word bound, 151.1 perplexity estimate based on a held-out corpus of 519 documents with 52420 words
2018-06-11 16:49:43,703 : INFO : PROGRESS: pass 44, at document #519/519
2018-06-11 16:49:44,030 : INFO : topic #1 (0.100): 0.014*"big" + 0.011*"knowledge" + 0.011*"time" + 0.010*"plus" + 0.010*"technology" + 0.010*"etc" + 0.009*"spark" + 0.009*"tool" + 0.008*"real" + 0.008*"understanding"
2018-06-11 16:49:44,030 : INFO : topic #2 (0.100): 0.014*"application" + 0.011*"working" + 0.010*"need" + 0.010*"sql" + 0.009*"reporting" + 0.009*"year" + 0.009*"team" + 0.008*"work" + 0.007*"project" + 0.007*"knowledge"
2018-06-11 16:49:44,030 : INFO : topic #7 (0.100): 0.019*"learning" + 0.019*"machine" + 0.011*"team" + 0.011*"product" + 0.011*"need" + 0.009*"python" + 0.008*"year" + 0.007*"tool" + 0.007*"work" + 0.006*"statistical"
2018-06-11 16:49:44,030 : INFO : topic #4 (0.100): 0.016*"knowledge" + 0.013*"work" + 0.013*"need" + 0.011*"java" + 0.010*"year" + 0.009*"learning" + 0.008*"team" + 0.008*"please" + 0.008*"engineer" + 0.008*"machine"
2018-06-11 16:49:44,030 : INFO : topic #3 (0.100): 0.017*"work" + 0.013*"knowledge" + 0.013*"need" + 0.011*"python" + 0.010*"strong" + 0.010*"develop" + 0.009*"team" + 0.009*"year" + 0.008*"sql" + 0.007*"quality"
2018-06-11 16:49:44,030 : INFO : topic diff=0.004607, rho=0.147442
2018-06-11 16:49:44,598 : INFO : -7.239 per-word bound, 151.1 perplexity estimate based on a held-out corpus of 519 documents with 52420 words
2018-06-11 16:49:44,599 : INFO : PROGRESS: pass 45, at document #519/519
2018-06-11 16:49:44,880 : INFO : topic #9 (0.100): 0.014*"hybris" + 0.011*"platform" + 0.010*"developing" + 0.010*"need" + 0.010*"tool" + 0.010*"core" + 0.010*"team" + 0.009*"knowledge" + 0.009*"framework" + 0.009*"year"
2018-06-11 16:49:44,882 : INFO : topic #7 (0.100): 0.019*"learning" + 0.019*"machine" + 0.011*"team" + 0.011*"product" + 0.011*"need" + 0.009*"python" + 0.008*"year" + 0.007*"tool" + 0.007*"work" + 0.006*"statistical"
2018-06-11 16:49:44,883 : INFO : topic #0 (0.100): 0.010*"product" + 0.010*"work" + 0.009*"knowledge" + 0.009*"need" + 0.009*"skill" + 0.008*"project" + 0.008*"technology" + 0.008*"team" + 0.008*"process" + 0.008*"application"
2018-06-11 16:49:44,883 : INFO : topic #6 (0.100): 0.016*"project" + 0.011*"year" + 0.010*"network" + 0.010*"skill" + 0.008*"team" + 0.008*"need" + 0.007*"support" + 0.007*"client" + 0.006*"senior" + 0.006*"cisco"
2018-06-11 16:49:44,884 : INFO : topic #4 (0.100): 0.016*"knowledge" + 0.013*"work" + 0.013*"need" + 0.011*"java" + 0.010*"year" + 0.009*"learning" + 0.008*"team" + 0.008*"please" + 0.008*"engineer" + 0.008*"machine"
2018-06-11 16:49:44,884 : INFO : topic diff=0.004458, rho=0.145865
2018-06-11 16:49:45,472 : INFO : -7.239 per-word bound, 151.1 perplexity estimate based on a held-out corpus of 519 documents with 52420 words
2018-06-11 16:49:45,472 : INFO : PROGRESS: pass 46, at document #519/519
2018-06-11 16:49:45,759 : INFO : topic #4 (0.100): 0.016*"knowledge" + 0.013*"work" + 0.013*"need" + 0.011*"java" + 0.010*"year" + 0.009*"learning" + 0.008*"team" + 0.008*"please" + 0.008*"engineer" + 0.008*"machine"
2018-06-11 16:49:45,760 : INFO : topic #9 (0.100): 0.014*"hybris" + 0.011*"platform" + 0.010*"developing" + 0.010*"need" + 0.010*"tool" + 0.010*"core" + 0.010*"team" + 0.009*"knowledge" + 0.009*"framework" + 0.009*"year"
2018-06-11 16:49:45,760 : INFO : topic #3 (0.100): 0.017*"work" + 0.013*"knowledge" + 0.013*"need" + 0.011*"python" + 0.010*"strong" + 0.010*"develop" + 0.009*"team" + 0.009*"year" + 0.008*"sql" + 0.007*"quality"
2018-06-11 16:49:45,760 : INFO : topic #1 (0.100): 0.014*"big" + 0.011*"knowledge" + 0.011*"time" + 0.010*"plus" + 0.010*"technology" + 0.010*"etc" + 0.009*"spark" + 0.009*"tool" + 0.008*"real" + 0.008*"understanding"
2018-06-11 16:49:45,761 : INFO : topic #6 (0.100): 0.016*"project" + 0.011*"year" + 0.010*"network" + 0.010*"skill" + 0.008*"team" + 0.008*"need" + 0.007*"support" + 0.007*"client" + 0.006*"senior" + 0.006*"cisco"
2018-06-11 16:49:45,761 : INFO : topic diff=0.004315, rho=0.144338
2018-06-11 16:49:46,319 : INFO : -7.239 per-word bound, 151.0 perplexity estimate based on a held-out corpus of 519 documents with 52420 words
2018-06-11 16:49:46,319 : INFO : PROGRESS: pass 47, at document #519/519
2018-06-11 16:49:46,595 : INFO : topic #6 (0.100): 0.016*"project" + 0.011*"year" + 0.010*"network" + 0.010*"skill" + 0.008*"team" + 0.008*"need" + 0.007*"support" + 0.007*"client" + 0.006*"senior" + 0.006*"cisco"
2018-06-11 16:49:46,595 : INFO : topic #5 (0.100): 0.011*"product" + 0.011*"need" + 0.011*"learning" + 0.010*"year" + 0.008*"machine" + 0.008*"degree" + 0.008*"solution" + 0.008*"team" + 0.007*"computer" + 0.007*"sale"
2018-06-11 16:49:46,596 : INFO : topic #7 (0.100): 0.020*"learning" + 0.019*"machine" + 0.011*"team" + 0.011*"product" + 0.011*"need" + 0.009*"python" + 0.008*"year" + 0.007*"tool" + 0.007*"work" + 0.006*"statistical"
2018-06-11 16:49:46,596 : INFO : topic #8 (0.100): 0.013*"team" + 0.012*"year" + 0.012*"need" + 0.012*"database" + 0.010*"platform" + 0.010*"application" + 0.010*"web" + 0.009*"code" + 0.008*"high" + 0.008*"technology"
2018-06-11 16:49:46,596 : INFO : topic #4 (0.100): 0.016*"knowledge" + 0.013*"work" + 0.013*"need" + 0.011*"java" + 0.010*"year" + 0.009*"learning" + 0.008*"team" + 0.008*"please" + 0.008*"engineer" + 0.008*"machine"
2018-06-11 16:49:46,597 : INFO : topic diff=0.004177, rho=0.142857
2018-06-11 16:49:47,154 : INFO : -7.238 per-word bound, 151.0 perplexity estimate based on a held-out corpus of 519 documents with 52420 words
2018-06-11 16:49:47,155 : INFO : PROGRESS: pass 48, at document #519/519
2018-06-11 16:49:47,445 : INFO : topic #4 (0.100): 0.016*"knowledge" + 0.013*"work" + 0.013*"need" + 0.011*"java" + 0.010*"year" + 0.009*"learning" + 0.008*"team" + 0.008*"please" + 0.008*"engineer" + 0.008*"machine"
2018-06-11 16:49:47,445 : INFO : topic #3 (0.100): 0.017*"work" + 0.013*"knowledge" + 0.013*"need" + 0.011*"python" + 0.010*"strong" + 0.010*"develop" + 0.009*"team" + 0.009*"year" + 0.008*"sql" + 0.007*"quality"
2018-06-11 16:49:47,446 : INFO : topic #0 (0.100): 0.010*"product" + 0.010*"work" + 0.009*"knowledge" + 0.009*"skill" + 0.009*"need" + 0.008*"project" + 0.008*"technology" + 0.008*"team" + 0.008*"process" + 0.007*"application"
2018-06-11 16:49:47,446 : INFO : topic #7 (0.100): 0.020*"learning" + 0.019*"machine" + 0.011*"team" + 0.011*"product" + 0.011*"need" + 0.009*"python" + 0.008*"year" + 0.007*"tool" + 0.007*"work" + 0.006*"statistical"
2018-06-11 16:49:47,446 : INFO : topic #5 (0.100): 0.011*"product" + 0.011*"need" + 0.011*"learning" + 0.010*"year" + 0.008*"machine" + 0.008*"degree" + 0.008*"solution" + 0.008*"team" + 0.007*"computer" + 0.007*"sale"
2018-06-11 16:49:47,447 : INFO : topic diff=0.004054, rho=0.141421
2018-06-11 16:49:48,001 : INFO : -7.238 per-word bound, 151.0 perplexity estimate based on a held-out corpus of 519 documents with 52420 words
2018-06-11 16:49:48,001 : INFO : PROGRESS: pass 49, at document #519/519
2018-06-11 16:49:48,299 : INFO : topic #9 (0.100): 0.014*"hybris" + 0.011*"platform" + 0.010*"developing" + 0.010*"need" + 0.010*"tool" + 0.010*"core" + 0.010*"team" + 0.009*"knowledge" + 0.009*"framework" + 0.009*"year"
2018-06-11 16:49:48,300 : INFO : topic #7 (0.100): 0.020*"learning" + 0.019*"machine" + 0.011*"team" + 0.011*"product" + 0.011*"need" + 0.009*"python" + 0.008*"year" + 0.007*"tool" + 0.007*"work" + 0.006*"statistical"
2018-06-11 16:49:48,300 : INFO : topic #0 (0.100): 0.010*"product" + 0.010*"work" + 0.009*"knowledge" + 0.009*"skill" + 0.009*"need" + 0.008*"project" + 0.008*"technology" + 0.008*"team" + 0.008*"process" + 0.007*"application"
2018-06-11 16:49:48,300 : INFO : topic #5 (0.100): 0.011*"product" + 0.011*"need" + 0.011*"learning" + 0.010*"year" + 0.008*"machine" + 0.008*"degree" + 0.008*"solution" + 0.008*"team" + 0.007*"computer" + 0.007*"sale"
2018-06-11 16:49:48,301 : INFO : topic #2 (0.100): 0.014*"application" + 0.011*"working" + 0.010*"need" + 0.010*"sql" + 0.009*"reporting" + 0.009*"year" + 0.009*"team" + 0.008*"work" + 0.007*"project" + 0.007*"knowledge"
2018-06-11 16:49:48,301 : INFO : topic diff=0.003928, rho=0.140028
2018-06-11 16:49:48,312 : INFO : topic #0 (0.100): 0.010*"product" + 0.010*"work" + 0.009*"knowledge" + 0.009*"skill" + 0.009*"need" + 0.008*"project" + 0.008*"technology" + 0.008*"team" + 0.008*"process" + 0.007*"application"
2018-06-11 16:49:48,313 : INFO : topic #1 (0.100): 0.014*"big" + 0.011*"knowledge" + 0.011*"time" + 0.010*"plus" + 0.010*"technology" + 0.010*"etc" + 0.009*"tool" + 0.009*"spark" + 0.008*"real" + 0.008*"understanding"
2018-06-11 16:49:48,314 : INFO : topic #2 (0.100): 0.014*"application" + 0.011*"working" + 0.010*"need" + 0.010*"sql" + 0.009*"reporting" + 0.009*"year" + 0.009*"team" + 0.008*"work" + 0.007*"project" + 0.007*"knowledge"
2018-06-11 16:49:48,316 : INFO : topic #3 (0.100): 0.017*"work" + 0.013*"knowledge" + 0.013*"need" + 0.011*"python" + 0.010*"strong" + 0.010*"develop" + 0.009*"team" + 0.009*"year" + 0.008*"sql" + 0.007*"quality"
2018-06-11 16:49:48,316 : INFO : topic #4 (0.100): 0.016*"knowledge" + 0.013*"work" + 0.013*"need" + 0.011*"java" + 0.010*"year" + 0.009*"learning" + 0.008*"team" + 0.008*"please" + 0.008*"engineer" + 0.008*"machine"
2018-06-11 16:49:48,317 : INFO : topic #5 (0.100): 0.011*"product" + 0.011*"need" + 0.011*"learning" + 0.010*"year" + 0.008*"machine" + 0.008*"degree" + 0.008*"solution" + 0.008*"team" + 0.007*"computer" + 0.007*"sale"
2018-06-11 16:49:48,319 : INFO : topic #6 (0.100): 0.017*"project" + 0.011*"year" + 0.010*"network" + 0.010*"skill" + 0.008*"team" + 0.008*"need" + 0.007*"support" + 0.007*"client" + 0.006*"senior" + 0.006*"cisco"
2018-06-11 16:49:48,319 : INFO : topic #7 (0.100): 0.020*"learning" + 0.019*"machine" + 0.011*"team" + 0.011*"product" + 0.011*"need" + 0.009*"python" + 0.008*"year" + 0.007*"tool" + 0.007*"work" + 0.006*"statistical"
2018-06-11 16:49:48,320 : INFO : topic #8 (0.100): 0.013*"team" + 0.012*"year" + 0.012*"need" + 0.012*"database" + 0.010*"platform" + 0.010*"application" + 0.010*"web" + 0.009*"code" + 0.008*"technology" + 0.008*"high"
2018-06-11 16:49:48,320 : INFO : topic #9 (0.100): 0.014*"hybris" + 0.011*"platform" + 0.010*"developing" + 0.010*"need" + 0.010*"tool" + 0.010*"core" + 0.010*"team" + 0.009*"knowledge" + 0.009*"framework" + 0.009*"year"
2018-06-11 16:49:48,341 : INFO : saving LdaState object under topic.model.state, separately None
2018-06-11 16:49:48,352 : INFO : saved topic.model.state
2018-06-11 16:49:48,356 : INFO : saving LdaModel object under topic.model, separately ['expElogbeta', 'sstats']
2018-06-11 16:49:48,356 : INFO : storing np array 'expElogbeta' to topic.model.expElogbeta.npy
2018-06-11 16:49:48,358 : INFO : not storing attribute dispatcher
2018-06-11 16:49:48,358 : INFO : not storing attribute id2word
2018-06-11 16:49:48,359 : INFO : not storing attribute state
2018-06-11 16:49:48,361 : INFO : saved topic.model
2018-06-11 16:49:48,619 : INFO : loading Dictionary object from dictionary.dict
2018-06-11 16:49:48,623 : INFO : loaded dictionary.dict
2018-06-11 16:49:48,624 : INFO : loaded corpus index from corpus.mm.index
2018-06-11 16:49:48,626 : INFO : initializing cython corpus reader from corpus.mm
2018-06-11 16:49:48,627 : INFO : accepted corpus with 519 documents, 4878 features, 41954 non-zero entries
2018-06-11 16:49:48,628 : INFO : loading LdaModel object from topic.model
2018-06-11 16:49:48,631 : INFO : loading expElogbeta from topic.model.expElogbeta.npy with mmap=None
2018-06-11 16:49:48,633 : INFO : setting ignored attribute dispatcher to None
2018-06-11 16:49:48,633 : INFO : setting ignored attribute id2word to None
2018-06-11 16:49:48,633 : INFO : setting ignored attribute state to None
2018-06-11 16:49:48,633 : INFO : loaded topic.model
2018-06-11 16:49:48,633 : INFO : loading LdaState object from topic.model.state
2018-06-11 16:49:48,635 : INFO : loaded topic.model.state
2018-06-11 16:49:51,170 : INFO : loading LdaModel object from topic.model
2018-06-11 16:49:51,173 : INFO : loading expElogbeta from topic.model.expElogbeta.npy with mmap=None
2018-06-11 16:49:51,174 : INFO : setting ignored attribute dispatcher to None
2018-06-11 16:49:51,175 : INFO : setting ignored attribute id2word to None
2018-06-11 16:49:51,175 : INFO : setting ignored attribute state to None
2018-06-11 16:49:51,176 : INFO : loaded topic.model
2018-06-11 16:49:51,182 : INFO : loading LdaState object from topic.model.state
2018-06-11 16:49:51,187 : INFO : loaded topic.model.state
